commit 8828a73c17b281e6f5f72f51cddaafb98acf582f
Author: Ardhimas Kamdani <ardhimas.k@gmail.com>
Date:   Fri Jul 25 20:40:46 2014 -0500

    finished report

commit 1235fa4865a23257b62bc7b82e372dbd6385181f
Author: ajhooper <ajhooper654@gmail.com>
Date:   Sat Jul 26 01:37:28 2014 +0000

    Magnus Krog

commit 69899f2c61e2c83937d0a14863a1ddb16ce0a2a1
Author: Austin Hooper <ajhooper@cs.utexas.edu>
Date:   Fri Jul 25 20:19:14 2014 -0500

    Magnus Krog picture

commit f8f96a50d63d1f9571a6312f414e4d85c191b6e9
Author: ajhooper <ajhooper654@gmail.com>
Date:   Sat Jul 26 00:43:10 2014 +0000

    Got the api working

commit a3754956472e6640181c23868322504beabcbf32
Author: Ardhimas Kamdani <ardhimas.k@gmail.com>
Date:   Fri Jul 25 19:37:09 2014 -0500

    fixed up report, added missing attributes

commit 75f5eea62c6e932a2a4cb4642bd306e9feb67d79
Author: nicksonjulian <nicksonjulian@utexas.edu>
Date:   Fri Jul 25 16:25:03 2014 -0500

    Update serializers.py

commit 22b38cfb937652c2ea907cd346d804486d8a08a3
Author: nicksonjulian <nicksonjulian@utexas.edu>
Date:   Fri Jul 25 16:21:27 2014 -0500

    Rename seralizers.py to serializers.py

commit 31c6ba3ed761049036266f2bbbcdbb0f33564034
Author: ajhooper <ajhooper654@gmail.com>
Date:   Fri Jul 25 02:03:49 2014 +0000

    Created base pages for all categories, implemented new nav bar

commit 5cd7bb2da8a3196972667a43bae1c116905b7a29
Author: Ardhimas Kamdani <ardhimas.k@gmail.com>
Date:   Thu Jul 24 19:19:13 2014 -0500

    added category page template

commit eea2da7f577035c011162068b6d15cc4192b62ad
Author: ajhooper <ajhooper654@gmail.com>
Date:   Fri Jul 25 00:10:38 2014 +0000

    Added basic footer and added min-heights so several css classes

commit 109e16c875e84094405004808af82cd0ba1a931a
Author: atlus7 <nicksonjulian@yahoo.com.sg>
Date:   Thu Jul 24 18:50:31 2014 -0500

    added idb2 report

commit def6ebdcd9e2af1f55c093198293851014d6b3b8
Author: nicksonjulian <nicksonjulian@utexas.edu>
Date:   Thu Jul 24 18:47:04 2014 -0500

    Update api.py
    
    fix typo

commit df7179494f9bea6e99a57e16a90270394465074e
Author: ajhooper <ajhooper654@gmail.com>
Date:   Thu Jul 24 23:01:35 2014 +0000

    Added try/except statements to views for cleaner failures

commit 999771c1d1217ecb60432b81098afb1b589a2823
Author: ajhooper <ajhooper654@gmail.com>
Date:   Thu Jul 24 22:42:37 2014 +0000

    Changed the models and views to be more dynamic

commit 8f649c63e89450bc5979c26e8671b9ff9b6cff8f
Author: ajhooper <ajhooper654@gmail.com>
Date:   Thu Jul 24 01:27:45 2014 +0000

    Finished basic dynamic loading for all pages, plus linkage

commit ef08fd8d386b34e0a52a65d6bcd28099172ff5c0
Author: atlus7 <nicksonjulian@yahoo.com.sg>
Date:   Wed Jul 23 18:13:33 2014 -0500

    added API 2 versions

commit 33051339be33806b41afae0986cd6a1ffa41abf3
Author: ajhooper <ajhooper654@gmail.com>
Date:   Wed Jul 23 21:52:48 2014 +0000

    Added dynamic events page

commit 940d18cf73ff34a410473b9413a4c5ec96d29025
Author: ajhooper <ajhooper654@gmail.com>
Date:   Wed Jul 23 01:49:15 2014 +0000

    Began work on dynamic Country pages

commit 4b1e0873f77b292a411eccdc8b1bab536d888c0f
Author: Ardhimas Kamdani <ardhimas.k@gmail.com>
Date:   Tue Jul 22 20:20:51 2014 -0500

    added images for all pages to Website directory

commit de165604f377c488d72d693f989093bcc9cd9616
Author: ajhooper <ajhooper654@gmail.com>
Date:   Wed Jul 23 00:44:19 2014 +0000

    Working on Athlete dynamic page

commit 92804c945cdf9a2b93e6a0d0fba50eca6ccd6e59
Author: ajhooper <ajhooper654@gmail.com>
Date:   Tue Jul 22 23:57:09 2014 +0000

    Began work on dynamically loading athlete pages

commit a5ce498a1fba9b06a0aac7de8563f7bf2e2d0be0
Author: ajhooper <ajhooper654@gmail.com>
Date:   Tue Jul 22 01:09:17 2014 +0000

    Made it so models are now sorted when viewed in admin

commit 143f74ac5c18ac537a835bee6f258deddb00bbc8
Author: ajhooper <ajhooper654@gmail.com>
Date:   Tue Jul 22 00:57:41 2014 +0000

    Setup DB and South for Django to modify db tabels on the fly

commit 6a58fe64fc4cdba50623718c6f38f8a4b2c65add
Author: Ardhimas Kamdani <ardhimas.k@gmail.com>
Date:   Mon Jul 21 19:25:59 2014 -0500

    fixed usa.html and meryldavis.html icon and video

commit 79e74a3968bd28802ea0bd13d6f738b27a82c1e1
Author: Nickson <nicksonjulian@yahoo.com.sg>
Date:   Mon Jul 21 17:24:38 2014 -0500

    Transferring blueprint from apiary.io

commit 5375bed44342076d187c98dd458d278ada30eaa0
Author: ajhooper <ajhooper654@gmail.com>
Date:   Mon Jul 21 21:39:15 2014 +0000

    Began setup for MySQL database with django

commit 0b9d6624403ab8e42600a3a66f4955aa7582fae9
Author: Austin Hooper <ajhooper@cs.utexas.edu>
Date:   Thu Jul 10 23:48:25 2014 -0500

    Got the log and pydoc files

commit 81c0b6776d1d52bd2c6a78766211d91f77330a4c
Author: atlus7 <nicksonjulian@yahoo.com.sg>
Date:   Thu Jul 10 23:27:53 2014 -0500

    added technical report

commit c3ccb31f48d8cfa7bad36d29fc45c9e113aa6271
Author: Austin Hooper <ajhooper@cs.utexas.edu>
Date:   Thu Jul 10 23:23:59 2014 -0500

    Added test.out

commit 62af94acb2216778d1c75e2cac92a9517148467a
Author: ajhooper <ajhooper654@gmail.com>
Date:   Fri Jul 11 04:11:43 2014 +0000

    Finished hooking Django up to Pythonanywhere

commit c4516ccc3969c52171a871183ed47ab31eff99a5
Author: ajhooper <ajhooper654@gmail.com>
Date:   Fri Jul 11 02:32:50 2014 +0000

    setup

commit 5bddb6ad8e92c9a4e9996334406c495dc9827434
Author: Austin Hooper <ajhooper@cs.utexas.edu>
Date:   Thu Jul 10 21:18:17 2014 -0500

    Stuff

commit f2a930240674ca2c0579ffa894e822778799efcb
Author: Ardhimas Kamdani <ardhimas.k@gmail.com>
Date:   Thu Jul 10 21:17:39 2014 -0500

    fixed icons, added video to athlete pages

commit a38dfffd56bd657cb59ebbabed9ae77b03f0b35c
Author: Austin Hooper <ajhooper@cs.utexas.edu>
Date:   Thu Jul 10 21:07:32 2014 -0500

    setting django up for pythonanywhere push

commit aa24c7f40436a0dd2b18b0d3bb534ca5c4761674
Author: Stewart Johnson <shjohnson01@gmail.com>
Date:   Thu Jul 10 21:06:21 2014 -0500

    fixed home link on all pages

commit 80615f4f10029f762dda218dd0c73c19c051524f
Author: Nickson <nicksonjulian@yahoo.com.sg>
Date:   Thu Jul 10 20:58:58 2014 -0500

    Transferring blueprint from apiary.io

commit 943cbc4b69c33fe199e903e646cb3c3052c9eba6
Author: Stewart Johnson <shjohnson01@gmail.com>
Date:   Thu Jul 10 20:42:17 2014 -0500

    fixed home page

commit 85200a29d87194ec8b199c3914eb3318e0913fbd
Author: Stewart Johnson <shjohnson01@gmail.com>
Date:   Thu Jul 10 20:36:35 2014 -0500

    Fixed navbar bug on usa.html

commit d0f1b5f6970e5b107cf68179171f24c0af284199
Author: Nickson <nicksonjulian@yahoo.com.sg>
Date:   Thu Jul 10 20:01:43 2014 -0500

    got host url

commit e1d60ef40d971f81861efe9862cc85572dfc60fe
Author: Stewart Johnson <shjohnson01@gmail.com>
Date:   Thu Jul 10 19:55:09 2014 -0500

    revised style sheets

commit b2491e581c3c0cd930b51dc1477e787972a3a354
Author: Ardhimas Kamdani <ardhimas.k@gmail.com>
Date:   Thu Jul 10 19:49:07 2014 -0500

    added home page

commit e2ca1523c40ef6bdac27a110ab1d42d4a44b6e30
Author: Ardhimas Kamdani <ardhimas.k@gmail.com>
Date:   Thu Jul 10 18:54:36 2014 -0500

    added icon, improved country pages and css

commit 2a1b26f7e2d7141a9bbcd7a73690129e4525c8b2
Author: Ardhimas Kamdani <ardhimas.k@gmail.com>
Date:   Thu Jul 10 16:46:41 2014 -0500

    transferring to revised style

commit 6c5662d3f7fdf3a6499a45fd0b65e33f924adb71
Author: Austin Hooper <ajhooper@cs.utexas.edu>
Date:   Thu Jul 10 15:49:22 2014 -0500

    Hooked up remaining athlete pages to django

commit 834cf7d7fa730d5ef9bb698be072c52ea85f269c
Author: Austin Hooper <ajhooper@cs.utexas.edu>
Date:   Wed Jul 9 21:24:29 2014 -0500

    Working on hooking static pages to Django

commit 4fd2652fb2e6225a72593f34d745425cc6f60843
Author: atlus7 <nicksonjulian@yahoo.com.sg>
Date:   Wed Jul 9 20:47:41 2014 -0500

    fixed diagram

commit ec93a7142f59ba41db00b34ff6ce827e3b76a264
Author: atlus7 <nicksonjulian@yahoo.com.sg>
Date:   Wed Jul 9 19:38:47 2014 -0500

    added uml diagram

commit cad920855fc94d4f568008e101ae0ba9aba3f7c7
Author: Austin Hooper <ajhooper@cs.utexas.edu>
Date:   Wed Jul 9 19:02:37 2014 -0500

    Added links to event pages

commit f93c711b48d86dc04eacdc883a35be271620b3ad
Author: Austin Hooper <ajhooper@cs.utexas.edu>
Date:   Wed Jul 9 18:55:09 2014 -0500

    Added basic information to event and country pages

commit 22a960903aada16dd4e18ad1594924abeea16a5a
Author: Nickson <nicksonjulian@yahoo.com.sg>
Date:   Wed Jul 9 18:04:27 2014 -0500

    Should be everything. For now..

commit 72ee7eb680f54dfd5fc5d4dac51e0cc88e247552
Author: Nickson <nicksonjulian@yahoo.com.sg>
Date:   Wed Jul 9 17:16:31 2014 -0500

    Finished athletes documentation?

commit ef58fd3fb6b9af1262c9ee602d2a81c5b160f1c4
Author: Austin Hooper <ajhooper@cs.utexas.edu>
Date:   Wed Jul 9 17:12:31 2014 -0500

    Completed the remaining two athlete pages using current format

commit 0fd9b3b51196e4733d358a9264d593093d6657c8
Author: Nickson <nicksonjulian@yahoo.com.sg>
Date:   Wed Jul 9 16:29:41 2014 -0500

    Added desciption

commit 58730be5938176d78bb768ea937be7ea67f9298d
Author: Ardhimas Kamdani <ardhimas.k@gmail.com>
Date:   Tue Jul 8 21:01:25 2014 -0500

    end of day 2

commit 42fc9cefe9ec652c826860a2b4fbf18318c41b7a
Author: Ardhimas Kamdani <ardhimas.k@gmail.com>
Date:   Tue Jul 8 20:35:41 2014 -0500

    added stylesheet and formatted athlete page

commit bb1a4c939a7ab7cb0d68ccd3d3973c3a3c31b872
Author: Austin Hooper <ajhooper@cs.utexas.edu>
Date:   Tue Jul 8 18:58:01 2014 -0500

    Added tests for models. Closes #4

commit 29cbf5f148a1576a2b41510061fa83a143d345b7
Author: Nickson <nicksonjulian@yahoo.com.sg>
Date:   Tue Jul 8 18:05:07 2014 -0500

    Transferring blueprint from apiary.io

commit 381eab68e1de0ae00ae8d1b449bfe8308f71fe0b
Author: Ardhimas Kamdani <ardhimas.k@gmail.com>
Date:   Tue Jul 8 17:10:22 2014 -0500

    html skeleton first commit

commit 21c02adc6e73c8805131c317e9f7aa3e568576d6
Author: Austin Hooper <ajhooper@cs.utexas.edu>
Date:   Tue Jul 8 17:00:24 2014 -0500

    Added the skeleton for placing static html pages.

commit 05375e20c0c6322414455bd30ba09643c429c337
Author: atlus7 <nicksonjulian@yahoo.com.sg>
Date:   Mon Jul 7 20:28:10 2014 -0500

    add technical report

commit 1f2b07d3dbb7bf33bd2d1572d4fa14307c1a9072
Merge: 11934ce f191b5d
Author: Austin Hooper <ajhooper@cs.utexas.edu>
Date:   Mon Jul 7 20:10:31 2014 -0500

    Skeleton code, added basic models

commit 11934ce8c05f8ce261e98cebe964a048b5194f5d
Author: Austin Hooper <ajhooper@cs.utexas.edu>
Date:   Mon Jul 7 20:03:50 2014 -0500

    First skeleton code, includes basic models

commit f191b5dba5135574c1148783c4737da7a2bc59d4
Author: Nickson <nicksonjulian@yahoo.com.sg>
Date:   Mon Jul 7 15:53:01 2014 -0500

    Transferring blueprint from apiary.io

commit b2c5b78a08014671791948988247636b79edf1df
Author: nicksonjulian <nicksonjulian@utexas.edu>
Date:   Thu Jul 3 15:17:17 2014 -0500

    Initial commit
